c:\users\cristi\desktop\scoala\lucru petshop 2.0\petshop\petshop\debug\petshop.pch
c:\users\cristi\desktop\scoala\lucru petshop 2.0\petshop\petshop\debug\vc142.pdb
c:\users\cristi\desktop\scoala\lucru petshop 2.0\petshop\petshop\debug\vc142.idb
c:\users\cristi\desktop\scoala\lucru petshop 2.0\petshop\petshop\debug\stdafx.obj
c:\users\cristi\desktop\scoala\lucru petshop 2.0\petshop\petshop\debug\shop.obj
c:\users\cristi\desktop\scoala\lucru petshop 2.0\petshop\petshop\debug\petshop.obj
c:\users\cristi\desktop\scoala\lucru petshop 2.0\petshop\petshop\debug\owner.obj
c:\users\cristi\desktop\scoala\lucru petshop 2.0\petshop\petshop\debug\food.obj
c:\users\cristi\desktop\scoala\lucru petshop 2.0\petshop\petshop\debug\dog.obj
c:\users\cristi\desktop\scoala\lucru petshop 2.0\petshop\petshop\debug\human.obj
c:\users\cristi\desktop\scoala\lucru petshop 2.0\petshop\petshop\debug\cat.obj
c:\users\cristi\desktop\scoala\lucru petshop 2.0\petshop\petshop\debug\animal.obj
c:\users\cristi\desktop\scoala\lucru petshop 2.0\petshop\debug\petshop.exe
c:\users\cristi\desktop\scoala\lucru petshop 2.0\petshop\debug\petshop.ilk
c:\users\cristi\desktop\scoala\lucru petshop 2.0\petshop\debug\petshop.pdb
c:\users\cristi\desktop\scoala\lucru petshop 2.0\petshop\petshop\debug\petshop.tlog\cl.command.1.tlog
c:\users\cristi\desktop\scoala\lucru petshop 2.0\petshop\petshop\debug\petshop.tlog\cl.read.1.tlog
c:\users\cristi\desktop\scoala\lucru petshop 2.0\petshop\petshop\debug\petshop.tlog\cl.write.1.tlog
c:\users\cristi\desktop\scoala\lucru petshop 2.0\petshop\petshop\debug\petshop.tlog\link.command.1.tlog
c:\users\cristi\desktop\scoala\lucru petshop 2.0\petshop\petshop\debug\petshop.tlog\link.read.1.tlog
c:\users\cristi\desktop\scoala\lucru petshop 2.0\petshop\petshop\debug\petshop.tlog\link.write.1.tlog
